17:21:39 INFO  : Processing command line option -hwspec C:/DevGIT/SDK_test/design_top_level_wrapper.hdf.
17:21:45 INFO  : Launching XSDB server: xsdb.bat -s C:/Xilinx/SDK/2014.4/scripts/xsdb/xsdb/xsdb-server.tcl 2450
17:22:48 INFO  : BSP Project P/standalone_bsp_0 has been successfully migrated.
13:23:55 INFO  : Processing command line option -hwspec C:/DevGIT/TestJunk/DNA2_FGPA_V1.29b136/DNA2_ZYNQ.sdk/design_top_level_wrapper.hdf.
13:23:55 WARN  :  [Hsi 55-1607] Software Repository Paths c:/DevGIT/TestJunk/DNA2_FGPA_V1.29b35/ip_repo/master_controller_1.03 and C:/DevGIT/SDK_test/design_top_level_wrapper_hw_platform_1/../../../../../ip_repo/master_controller_1.03 do not exist or not accessible
13:23:56 WARN  :  [Hsi 55-1607] Software Repository Paths c:/DevGIT/TestJunk/DNA2_FGPA_V1.29b35/ip_repo/master_controller_1.03 and C:/DevGIT/SDK_test/design_top_level_wrapper_hw_platform_1/../../../../../ip_repo/master_controller_1.03 do not exist or not accessible
13:23:57 INFO  : Launching XSDB server: xsdb.bat -s C:/Xilinx/SDK/2014.4/scripts/xsdb/xsdb/xsdb-server.tcl 2450
13:24:00 INFO  : SDK has detected change in the last modified timestamps for source hardware specification file Source:1434658712669,  Project:1426714982502
13:24:00 INFO  : Project design_top_level_wrapper_hw_platform_0's source hardware specification located at C:/DevGIT/SDK_test/design_top_level_wrapper.hdf is now different from the local copy.
		 The local copy will be replaced with the source specification and your workspace will be updated.
13:24:12 WARN  :  [Hsi 55-1607] Software Repository Paths c:/DevGIT/TestJunk/DNA2_FGPA_V1.29b35/ip_repo/master_controller_1.03 and C:/DevGIT/SDK_test/design_top_level_wrapper_hw_platform_1/../../../../../ip_repo/master_controller_1.03 do not exist or not accessible
13:24:12 WARN  :  [Hsi 55-1607] Software Repository Paths c:/DevGIT/TestJunk/DNA2_FGPA_V1.29b35/ip_repo/master_controller_1.03 and C:/DevGIT/SDK_test/design_top_level_wrapper_hw_platform_1/../../../../../ip_repo/master_controller_1.03 do not exist or not accessible
13:24:13 INFO  : Project design_top_level_wrapper_hw_platform_0's source hardware specification location will not be monitored anymore.
13:32:21 INFO  : Processing command line option -hwspec C:/DevGIT/TestJunk/DNA2_FGPA_V1.29b136/DNA2_ZYNQ.sdk/design_top_level_wrapper.hdf.
13:32:21 ERROR : Hardware specification file doesn't exist at the specified location 'C:/DevGIT/TestJunk/DNA2_FGPA_V1.29b136/DNA2_ZYNQ.sdk/design_top_level_wrapper.hdf'
13:32:21 ERROR : Unable to create Hardware Specification Project with specification file: C:/DevGIT/TestJunk/DNA2_FGPA_V1.29b136/DNA2_ZYNQ.sdk/design_top_level_wrapper.hdf
13:32:23 INFO  : Launching XSDB server: xsdb.bat -s C:/Xilinx/SDK/2014.4/scripts/xsdb/xsdb/xsdb-server.tcl 2450
13:33:07 INFO  : Saving repository preferences.
13:33:07 INFO  : Reading in cores from local repositories: 
		 C:\DevGIT\SDK_test\design_top_level_wrapper_hw_platform_0\repo_freeRTOS_LWIP
13:33:07 INFO  : Cleaning BSP projects in the workspace.
13:33:08 INFO  : Saving repository preferences.
13:33:27 INFO  : BSP Project P/freertos_zynq_bsp_0 has been successfully migrated.
13:35:43 ERROR :  [Hsi 55-1676] Not supported OS. It is supported only for freertos_zynq
13:36:53 INFO  : Restoring local repository preferences: 
		 C:\DevGIT\SDK_test\design_top_level_wrapper_hw_platform_0\repo_freeRTOS_LWIP
13:36:54 WARN  :  [Hsi 55-1607] Software Repository Paths c:/DevGIT/TestJunk/DNA2_FGPA_V1.29b35/ip_repo/master_controller_1.03 and C:/DevGIT/SDK_test/design_top_level_wrapper_hw_platform_0/../../../../../ip_repo/master_controller_1.03 do not exist or not accessible
13:36:54 WARN  :  [Hsi 55-1607] Software Repository Paths c:/DevGIT/TestJunk/DNA2_FGPA_V1.29b35/ip_repo/master_controller_1.03 and C:/DevGIT/SDK_test/design_top_level_wrapper_hw_platform_0/../../../../../ip_repo/master_controller_1.03 do not exist or not accessible
13:36:55 INFO  : Processing command line option -hwspec C:/DevGIT/TestJunk/DNA2_FGPA_V1.29b136/DNA2_ZYNQ.sdk/design_top_level_wrapper.hdf.
13:36:55 ERROR : Hardware specification file doesn't exist at the specified location 'C:/DevGIT/TestJunk/DNA2_FGPA_V1.29b136/DNA2_ZYNQ.sdk/design_top_level_wrapper.hdf'
13:36:55 ERROR : Unable to create Hardware Specification Project with specification file: C:/DevGIT/TestJunk/DNA2_FGPA_V1.29b136/DNA2_ZYNQ.sdk/design_top_level_wrapper.hdf
13:36:57 INFO  : Launching XSDB server: xsdb.bat -s C:/Xilinx/SDK/2014.4/scripts/xsdb/xsdb/xsdb-server.tcl 2450
14:38:35 INFO  : Saving repository preferences.
14:38:35 INFO  : Reading in cores from local repositories: 
		 .\design_top_level_wrapper_hw_platform_0
14:38:35 INFO  : Cleaning BSP projects in the workspace.
14:59:42 INFO  : Restoring local repository preferences: 
		 .\design_top_level_wrapper_hw_platform_0
14:59:42 WARN  :  [Hsi 55-1607] Software Repository Paths c:/DevGIT/TestJunk/DNA2_FGPA_V1.29b35/ip_repo/master_controller_1.03 and C:/DevGIT/SDK_test/design_top_level_wrapper_hw_platform_0/../../../../../ip_repo/master_controller_1.03 do not exist or not accessible
14:59:42 WARN  :  [Hsi 55-1607] Software Repository Paths c:/DevGIT/TestJunk/DNA2_FGPA_V1.29b35/ip_repo/master_controller_1.03 and C:/DevGIT/SDK_test/design_top_level_wrapper_hw_platform_0/../../../../../ip_repo/master_controller_1.03 do not exist or not accessible
14:59:43 INFO  : Processing command line option -hwspec C:/DevGIT/TestJunk/DNA2_FGPA_V1.29b136/DNA2_ZYNQ.sdk/design_top_level_wrapper.hdf.
14:59:43 ERROR : Hardware specification file doesn't exist at the specified location 'C:/DevGIT/TestJunk/DNA2_FGPA_V1.29b136/DNA2_ZYNQ.sdk/design_top_level_wrapper.hdf'
14:59:43 ERROR : Unable to create Hardware Specification Project with specification file: C:/DevGIT/TestJunk/DNA2_FGPA_V1.29b136/DNA2_ZYNQ.sdk/design_top_level_wrapper.hdf
14:59:45 INFO  : Launching XSDB server: xsdb.bat -s C:/Xilinx/SDK/2014.4/scripts/xsdb/xsdb/xsdb-server.tcl 2450
15:26:16 INFO  : Restoring local repository preferences: 
		 .\design_top_level_wrapper_hw_platform_0
15:26:17 WARN  :  [Hsi 55-1607] Software Repository Paths c:/DevGIT/TestJunk/DNA2_FGPA_V1.29b35/ip_repo/master_controller_1.03 and C:/DevGIT/SDK_test/design_top_level_wrapper_hw_platform_0/../../../../../ip_repo/master_controller_1.03 do not exist or not accessible
15:26:17 WARN  :  [Hsi 55-1607] Software Repository Paths c:/DevGIT/TestJunk/DNA2_FGPA_V1.29b35/ip_repo/master_controller_1.03 and C:/DevGIT/SDK_test/design_top_level_wrapper_hw_platform_0/../../../../../ip_repo/master_controller_1.03 do not exist or not accessible
15:26:18 INFO  : Processing command line option -hwspec C:/DevGIT/TestJunk/DNA2_FGPA_V1.29b136/DNA2_ZYNQ.sdk/design_top_level_wrapper.hdf.
15:26:18 ERROR : Hardware specification file doesn't exist at the specified location 'C:/DevGIT/TestJunk/DNA2_FGPA_V1.29b136/DNA2_ZYNQ.sdk/design_top_level_wrapper.hdf'
15:26:18 ERROR : Unable to create Hardware Specification Project with specification file: C:/DevGIT/TestJunk/DNA2_FGPA_V1.29b136/DNA2_ZYNQ.sdk/design_top_level_wrapper.hdf
15:26:20 INFO  : Launching XSDB server: xsdb.bat -s C:/Xilinx/SDK/2014.4/scripts/xsdb/xsdb/xsdb-server.tcl 2450
15:27:23 INFO  : Restoring local repository preferences: 
		 .\design_top_level_wrapper_hw_platform_0
15:27:23 WARN  :  [Hsi 55-1607] Software Repository Paths c:/DevGIT/TestJunk/DNA2_FGPA_V1.29b35/ip_repo/master_controller_1.03 and C:/DevGIT/SDK_test/design_top_level_wrapper_hw_platform_0/../../../../../ip_repo/master_controller_1.03 do not exist or not accessible
15:27:24 WARN  :  [Hsi 55-1607] Software Repository Paths c:/DevGIT/TestJunk/DNA2_FGPA_V1.29b35/ip_repo/master_controller_1.03 and C:/DevGIT/SDK_test/design_top_level_wrapper_hw_platform_0/../../../../../ip_repo/master_controller_1.03 do not exist or not accessible
15:27:24 INFO  : Processing command line option -hwspec C:/DevGIT/TestJunk/DNA2_FGPA_V1.29b136/DNA2_ZYNQ.sdk/design_top_level_wrapper.hdf.
15:27:24 ERROR : Hardware specification file doesn't exist at the specified location 'C:/DevGIT/TestJunk/DNA2_FGPA_V1.29b136/DNA2_ZYNQ.sdk/design_top_level_wrapper.hdf'
15:27:24 ERROR : Unable to create Hardware Specification Project with specification file: C:/DevGIT/TestJunk/DNA2_FGPA_V1.29b136/DNA2_ZYNQ.sdk/design_top_level_wrapper.hdf
15:27:26 INFO  : Launching XSDB server: xsdb.bat -s C:/Xilinx/SDK/2014.4/scripts/xsdb/xsdb/xsdb-server.tcl 2450
15:59:03 INFO  : Restoring local repository preferences: 
		 .\design_top_level_wrapper_hw_platform_0
15:59:04 WARN  :  [Hsi 55-1607] Software Repository Paths c:/DevGIT/TestJunk/DNA2_FGPA_V1.29b35/ip_repo/master_controller_1.03 and C:/DevGIT/SDK_test/design_top_level_wrapper_hw_platform_0/../../../../../ip_repo/master_controller_1.03 do not exist or not accessible
15:59:04 WARN  :  [Hsi 55-1607] Software Repository Paths c:/DevGIT/TestJunk/DNA2_FGPA_V1.29b35/ip_repo/master_controller_1.03 and C:/DevGIT/SDK_test/design_top_level_wrapper_hw_platform_0/../../../../../ip_repo/master_controller_1.03 do not exist or not accessible
15:59:04 INFO  : Processing command line option -hwspec C:/DevGIT/TestJunk/DNA2_FGPA_V1.29b136/DNA2_ZYNQ.sdk/design_top_level_wrapper.hdf.
15:59:04 ERROR : Hardware specification file doesn't exist at the specified location 'C:/DevGIT/TestJunk/DNA2_FGPA_V1.29b136/DNA2_ZYNQ.sdk/design_top_level_wrapper.hdf'
15:59:04 ERROR : Unable to create Hardware Specification Project with specification file: C:/DevGIT/TestJunk/DNA2_FGPA_V1.29b136/DNA2_ZYNQ.sdk/design_top_level_wrapper.hdf
15:59:06 INFO  : Launching XSDB server: xsdb.bat -s C:/Xilinx/SDK/2014.4/scripts/xsdb/xsdb/xsdb-server.tcl 2450
16:00:08 INFO  : Restoring local repository preferences: 
		 .\design_top_level_wrapper_hw_platform_0
16:00:08 WARN  :  [Hsi 55-1607] Software Repository Paths c:/DevGIT/TestJunk/DNA2_FGPA_V1.29b35/ip_repo/master_controller_1.03 and C:/DevGIT/SDK_test/design_top_level_wrapper_hw_platform_0/../../../../../ip_repo/master_controller_1.03 do not exist or not accessible
16:00:09 WARN  :  [Hsi 55-1607] Software Repository Paths c:/DevGIT/TestJunk/DNA2_FGPA_V1.29b35/ip_repo/master_controller_1.03 and C:/DevGIT/SDK_test/design_top_level_wrapper_hw_platform_0/../../../../../ip_repo/master_controller_1.03 do not exist or not accessible
16:00:09 INFO  : Processing command line option -hwspec C:/DevGIT/TestJunk/DNA2_FGPA_V1.29b136/DNA2_ZYNQ.sdk/design_top_level_wrapper.hdf.
16:00:09 ERROR : Hardware specification file doesn't exist at the specified location 'C:/DevGIT/TestJunk/DNA2_FGPA_V1.29b136/DNA2_ZYNQ.sdk/design_top_level_wrapper.hdf'
16:00:09 ERROR : Unable to create Hardware Specification Project with specification file: C:/DevGIT/TestJunk/DNA2_FGPA_V1.29b136/DNA2_ZYNQ.sdk/design_top_level_wrapper.hdf
16:00:11 INFO  : Launching XSDB server: xsdb.bat -s C:/Xilinx/SDK/2014.4/scripts/xsdb/xsdb/xsdb-server.tcl 2450
