#-----------------------------------------------------------
# Webtalk v2014.4 (64-bit)
# SW Build 1071353 on Tue Nov 18 17:18:21 MST 2014
# 
# Start of session at: Thu Jun 18 13:32:09 2015
# Process ID: 2780
# Log file: C:/DevGIT/SDK_test/webtalk/webtalk.log
# Journal file: C:/DevGIT/SDK_test/webtalk\webtalk.jou
#-----------------------------------------------------------
WARNING: [Common 17-204] Your XILINX environment variable is undefined. You will not be able to run Synthesis and Implementation using ISE based strategies, or import ngc netlists. Please set up your XILINX environment to get full functionality.
source sdk_webtalk.tcl
# webtalk_init -webtalk_dir C:\\DevGIT\\SDK_test\\webtalk
# webtalk_register_client -client project
# webtalk_add_data -client project -key date_generated -value "Thu Jun 18 13:32:08 2015" -context "software_version_and_target_device"
# webtalk_add_data -client project -key product_version -value "SDK v2014.4" -context "software_version_and_target_device"
# webtalk_add_data -client project -key build_version -value "2014.4" -context "software_version_and_target_device"
# webtalk_add_data -client project -key os_platform -value "amd64" -context "software_version_and_target_device"
# webtalk_add_data -client project -key registration_id -value "210723735_1777491030_0_350" -context "software_version_and_target_device"
# webtalk_add_data -client project -key tool_flow -value "SDK" -context "software_version_and_target_device"
# webtalk_add_data -client project -key beta -value "false" -context "software_version_and_target_device"
# webtalk_add_data -client project -key route_design -value "NA" -context "software_version_and_target_device"
# webtalk_add_data -client project -key target_family -value "NA" -context "software_version_and_target_device"
# webtalk_add_data -client project -key target_device -value "NA" -context "software_version_and_target_device"
# webtalk_add_data -client project -key target_package -value "NA" -context "software_version_and_target_device"
# webtalk_add_data -client project -key target_speed -value "NA" -context "software_version_and_target_device"
# webtalk_add_data -client project -key random_id -value "dqkdctqh6n4k5auv5hrc43ka28" -context "software_version_and_target_device"
# webtalk_add_data -client project -key project_id -value "2014.4_6" -context "software_version_and_target_device"
# webtalk_add_data -client project -key project_iteration -value "6" -context "software_version_and_target_device"
# webtalk_add_data -client project -key os_name -value "Microsoft Windows 7 , 64-bit" -context "user_environment"
# webtalk_add_data -client project -key os_release -value "major release  (build 7600)" -context "user_environment"
# webtalk_add_data -client project -key cpu_name -value "Intel(R) Core(TM) i7-4770 CPU @ 3.40GHz" -context "user_environment"
# webtalk_add_data -client project -key cpu_speed -value "2200 MHz" -context "user_environment"
# webtalk_add_data -client project -key total_processors -value "1" -context "user_environment"
# webtalk_add_data -client project -key system_ram -value "17.000 GB" -context "user_environment"
# webtalk_register_client -client sdk
# webtalk_add_data -client sdk -key uid -value "1434659052188" -context "sdk\\\\hardware/1434659052188"
# webtalk_add_data -client sdk -key isZynq -value "true" -context "sdk\\\\hardware/1434659052188"
# webtalk_add_data -client sdk -key Processors -value "2" -context "sdk\\\\hardware/1434659052188"
# webtalk_add_data -client sdk -key VivadoVersion -value "2014.4" -context "sdk\\\\hardware/1434659052188"
# webtalk_add_data -client sdk -key Arch -value "zynq" -context "sdk\\\\hardware/1434659052188"
# webtalk_add_data -client sdk -key Device -value "7z020" -context "sdk\\\\hardware/1434659052188"
# webtalk_add_data -client sdk -key IsHandoff -value "true" -context "sdk\\\\hardware/1434659052188"
# webtalk_transmit -clientid 2617184920 -regid "210723735_1777491030_0_350" -xml C:\\DevGIT\\SDK_test\\webtalk\\usage_statistics_ext_sdk.xml -html C:\\DevGIT\\SDK_test\\webtalk\\usage_statistics_ext_sdk.html -wdm C:\\DevGIT\\SDK_test\\webtalk\\sdk_webtalk.wdm -intro "<H3>SDK Usage Report</H3><BR>"
INFO: [Common 17-186] 'C:\DevGIT\SDK_test\webtalk\usage_statistics_ext_sdk.xml' has been successfully sent to Xilinx on Thu Jun 18 13:32:28 2015. For additional details about this file, please refer to the WebTalk help file at /doc/webtalk_introduction.html.
webtalk_transmit: Time (s): cpu = 00:00:00 ; elapsed = 00:00:16 . Memory (MB): peak = 65.332 ; gain = 0.020
# webtalk_terminate
INFO: [Common 17-206] Exiting Webtalk at Thu Jun 18 13:32:28 2015...
